<?xml version="1.0" encoding="UTF-8"?>
<!-- Generated by org.testng.reporters.JUnitReportReporter -->
<testsuite hostname="sohani-ThinkPad-T530" name="com.codenvy.ide.automation.ListBoxActionTest" tests="1" failures="0" timestamp="29 Oct 2014 06:09:08 GMT" time="1.732" errors="0">
  <testcase name="newProxyCreationWithListBoxValue" time="1.732" classname="com.codenvy.ide.automation.ListBoxActionTest"/>
</testsuite> <!-- com.codenvy.ide.automation.ListBoxActionTest -->
