<?xml version="1.0" encoding="UTF-8"?>
<!-- Generated by org.testng.reporters.JUnitReportReporter -->
<testsuite hostname="sohani-ThinkPad-T530" name="com.codenvy.ide.automation.NewProxyCreationTest" tests="1" failures="0" timestamp="29 Oct 2014 06:08:03 GMT" time="1.921" errors="0">
  <testcase name="newProxyCreation" time="1.921" classname="com.codenvy.ide.automation.NewProxyCreationTest"/>
</testsuite> <!-- com.codenvy.ide.automation.NewProxyCreationTest -->
