<?xml version="1.0" encoding="UTF-8"?>
<!-- Generated by org.testng.reporters.JUnitReportReporter -->
<testsuite hostname="sohani-ThinkPad-T530" name="com.codenvy.ide.automation.ImportProxyTest" tests="1" failures="0" timestamp="29 Oct 2014 06:08:56 GMT" time="3.248" errors="0">
  <testcase name="newProxyCreation" time="3.248" classname="com.codenvy.ide.automation.ImportProxyTest"/>
</testsuite> <!-- com.codenvy.ide.automation.ImportProxyTest -->
